# JRE version: OpenJDK Runtime Environment (8.0_382-b05) (build 1.8.0_382-b05)
# Java VM: OpenJDK 64-Bit Server VM (25.382-b05 mixed mode windows-amd64 compressed oops)
Heap:
 PSYoungGen      total 172032K, used 45079K [0x000000076c300000, 0x000000077cb00000, 0x00000007c0000000)
  eden space 170496K, 25% used [0x000000076c300000,0x000000076edd5ef0,0x0000000776980000)
  from space 1536K, 79% used [0x000000077c980000,0x000000077cab0000,0x000000077cb00000)
  to   space 10752K, 0% used [0x000000077b600000,0x000000077b600000,0x000000077c080000)
 ParOldGen       total 134144K, used 18999K [0x00000006c4800000, 0x00000006ccb00000, 0x000000076c300000)
  object space 134144K, 14% used [0x00000006c4800000,0x00000006c5a8dec0,0x00000006ccb00000)
 Metaspace       used 22446K, capacity 22812K, committed 22912K, reserved 1069056K
  class space    used 2771K, capacity 2878K, committed 2944K, reserved 1048576K
GC Heap History (10 events):
Event: 0.389 GC heap before
{Heap before GC invocations=1 (full 0):
 PSYoungGen      total 75264K, used 64512K [0x000000076c300000, 0x0000000771700000, 0x00000007c0000000)
  eden space 64512K, 100% used [0x000000076c300000,0x0000000770200000,0x0000000770200000)
  from space 10752K, 0% used [0x0000000770c80000,0x0000000770c80000,0x0000000771700000)
  to   space 10752K, 0% used [0x0000000770200000,0x0000000770200000,0x0000000770c80000)
 ParOldGen       total 172032K, used 0K [0x00000006c4800000, 0x00000006cf000000, 0x000000076c300000)
  object space 172032K, 0% used [0x00000006c4800000,0x00000006c4800000,0x00000006cf000000)
 Metaspace       used 10054K, capacity 10196K, committed 10368K, reserved 1058816K
  class space    used 1195K, capacity 1288K, committed 1408K, reserved 1048576K
Event: 0.395 GC heap after
Heap after GC invocations=1 (full 0):
 PSYoungGen      total 75264K, used 10732K [0x000000076c300000, 0x0000000775600000, 0x00000007c0000000)
  eden space 64512K, 0% used [0x000000076c300000,0x000000076c300000,0x0000000770200000)
  from space 10752K, 99% used [0x0000000770200000,0x0000000770c7b1e0,0x0000000770c80000)
  to   space 10752K, 0% used [0x0000000774b80000,0x0000000774b80000,0x0000000775600000)
 ParOldGen       total 172032K, used 1912K [0x00000006c4800000, 0x00000006cf000000, 0x000000076c300000)
  object space 172032K, 1% used [0x00000006c4800000,0x00000006c49de370,0x00000006cf000000)
 Metaspace       used 10054K, capacity 10196K, committed 10368K, reserved 1058816K
  class space    used 1195K, capacity 1288K, committed 1408K, reserved 1048576K
}
Event: 0.720 GC heap before
{Heap before GC invocations=2 (full 0):
 PSYoungGen      total 75264K, used 75244K [0x000000076c300000, 0x0000000775600000, 0x00000007c0000000)
  eden space 64512K, 100% used [0x000000076c300000,0x0000000770200000,0x0000000770200000)
  from space 10752K, 99% used [0x0000000770200000,0x0000000770c7b1e0,0x0000000770c80000)
  to   space 10752K, 0% used [0x0000000774b80000,0x0000000774b80000,0x0000000775600000)
 ParOldGen       total 172032K, used 1912K [0x00000006c4800000, 0x00000006cf000000, 0x000000076c300000)
  object space 172032K, 1% used [0x00000006c4800000,0x00000006c49de370,0x00000006cf000000)
 Metaspace       used 16247K, capacity 16438K, committed 16768K, reserved 1064960K
  class space    used 2026K, capacity 2099K, committed 2176K, reserved 1048576K
Event: 0.727 GC heap after
Heap after GC invocations=2 (full 0):
 PSYoungGen      total 139776K, used 10741K [0x000000076c300000, 0x0000000775600000, 0x00000007c0000000)
  eden space 129024K, 0% used [0x000000076c300000,0x000000076c300000,0x0000000774100000)
  from space 10752K, 99% used [0x0000000774b80000,0x00000007755fd458,0x0000000775600000)
  to   space 10752K, 0% used [0x0000000774100000,0x0000000774100000,0x0000000774b80000)
 ParOldGen       total 172032K, used 8736K [0x00000006c4800000, 0x00000006cf000000, 0x000000076c300000)
  object space 172032K, 5% used [0x00000006c4800000,0x00000006c50880f0,0x00000006cf000000)
 Metaspace       used 16247K, capacity 16438K, committed 16768K, reserved 1064960K
  class space    used 2026K, capacity 2099K, committed 2176K, reserved 1048576K
}
Event: 1.120 GC heap before
{Heap before GC invocations=3 (full 0):
 PSYoungGen      total 139776K, used 67093K [0x000000076c300000, 0x0000000775600000, 0x00000007c0000000)
  eden space 129024K, 43% used [0x000000076c300000,0x000000076fa08010,0x0000000774100000)
  from space 10752K, 99% used [0x0000000774b80000,0x00000007755fd458,0x0000000775600000)
  to   space 10752K, 0% used [0x0000000774100000,0x0000000774100000,0x0000000774b80000)
 ParOldGen       total 172032K, used 8736K [0x00000006c4800000, 0x00000006cf000000, 0x000000076c300000)
  object space 172032K, 5% used [0x00000006c4800000,0x00000006c50880f0,0x00000006cf000000)
 Metaspace       used 20826K, capacity 21056K, committed 21248K, reserved 1067008K
  class space    used 2631K, capacity 2724K, committed 2816K, reserved 1048576K
Event: 1.128 GC heap after
Heap after GC invocations=3 (full 0):
 PSYoungGen      total 139776K, used 10741K [0x000000076c300000, 0x000000077d400000, 0x00000007c0000000)
  eden space 129024K, 0% used [0x000000076c300000,0x000000076c300000,0x0000000774100000)
  from space 10752K, 99% used [0x0000000774100000,0x0000000774b7d478,0x0000000774b80000)
  to   space 10752K, 0% used [0x000000077c980000,0x000000077c980000,0x000000077d400000)
 ParOldGen       total 172032K, used 16200K [0x00000006c4800000, 0x00000006cf000000, 0x000000076c300000)
  object space 172032K, 9% used [0x00000006c4800000,0x00000006c57d20d8,0x00000006cf000000)
 Metaspace       used 20826K, capacity 21056K, committed 21248K, reserved 1067008K
  class space    used 2631K, capacity 2724K, committed 2816K, reserved 1048576K
}
Event: 1.128 GC heap before
{Heap before GC invocations=4 (full 1):
 PSYoungGen      total 139776K, used 10741K [0x000000076c300000, 0x000000077d400000, 0x00000007c0000000)
  eden space 129024K, 0% used [0x000000076c300000,0x000000076c300000,0x0000000774100000)
  from space 10752K, 99% used [0x0000000774100000,0x0000000774b7d478,0x0000000774b80000)
  to   space 10752K, 0% used [0x000000077c980000,0x000000077c980000,0x000000077d400000)
 ParOldGen       total 172032K, used 16200K [0x00000006c4800000, 0x00000006cf000000, 0x000000076c300000)
  object space 172032K, 9% used [0x00000006c4800000,0x00000006c57d20d8,0x00000006cf000000)
 Metaspace       used 20826K, capacity 21056K, committed 21248K, reserved 1067008K
  class space    used 2631K, capacity 2724K, committed 2816K, reserved 1048576K
Event: 1.163 GC heap after
Heap after GC invocations=4 (full 1):
 PSYoungGen      total 139776K, used 0K [0x000000076c300000, 0x000000077d400000, 0x00000007c0000000)
  eden space 129024K, 0% used [0x000000076c300000,0x000000076c300000,0x0000000774100000)
  from space 10752K, 0% used [0x0000000774100000,0x0000000774100000,0x0000000774b80000)
  to   space 10752K, 0% used [0x000000077c980000,0x000000077c980000,0x000000077d400000)
 ParOldGen       total 134144K, used 18991K [0x00000006c4800000, 0x00000006ccb00000, 0x000000076c300000)
  object space 134144K, 14% used [0x00000006c4800000,0x00000006c5a8bec0,0x00000006ccb00000)
 Metaspace       used 20826K, capacity 21056K, committed 21248K, reserved 1067008K
  class space    used 2631K, capacity 2724K, committed 2816K, reserved 1048576K
}
Event: 1.605 GC heap before
{Heap before GC invocations=5 (full 1):
 PSYoungGen      total 139776K, used 129024K [0x000000076c300000, 0x000000077d400000, 0x00000007c0000000)
  eden space 129024K, 100% used [0x000000076c300000,0x0000000774100000,0x0000000774100000)
  from space 10752K, 0% used [0x0000000774100000,0x0000000774100000,0x0000000774b80000)
  to   space 10752K, 0% used [0x000000077c980000,0x000000077c980000,0x000000077d400000)
 ParOldGen       total 134144K, used 18991K [0x00000006c4800000, 0x00000006ccb00000, 0x000000076c300000)
  object space 134144K, 14% used [0x00000006c4800000,0x00000006c5a8bec0,0x00000006ccb00000)
 Metaspace       used 21469K, capacity 21788K, committed 22016K, reserved 1069056K
  class space    used 2664K, capacity 2750K, committed 2816K, reserved 1048576K
Event: 1.607 GC heap after
Heap after GC invocations=5 (full 1):
 PSYoungGen      total 172032K, used 1216K [0x000000076c300000, 0x000000077cb00000, 0x00000007c0000000)
  eden space 170496K, 0% used [0x000000076c300000,0x000000076c300000,0x0000000776980000)
  from space 1536K, 79% used [0x000000077c980000,0x000000077cab0000,0x000000077cb00000)
  to   space 10752K, 0% used [0x000000077b600000,0x000000077b600000,0x000000077c080000)
 ParOldGen       total 134144K, used 18999K [0x00000006c4800000, 0x00000006ccb00000, 0x000000076c300000)
  object space 134144K, 14% used [0x00000006c4800000,0x00000006c5a8dec0,0x00000006ccb00000)
 Metaspace       used 21469K, capacity 21788K, committed 22016K, reserved 1069056K
  class space    used 2664K, capacity 2750K, committed 2816K, reserved 1048576K
}

